0 info it worked if it ends with ok
1 verbose cli [ 'node', '/usr/local/bin/npm', 'install' ]
2 info using npm@2.1.3
3 info using node@v0.10.29
4 verbose install where, deps [ '/Users/mattcollins/projects/automation',
4 verbose install   [ 'rpi-gpio', 'async', 'js-api' ] ]
5 info preinstall automation@1.0.0
6 verbose already installed skipping rpi-gpio@* /Users/mattcollins/projects/automation
7 verbose already installed skipping async@* /Users/mattcollins/projects/automation
8 silly cache add args [ 'js-api@git+ssh://git@github.com:touchlocal/js-api.git',
8 silly cache add   null ]
9 verbose cache add spec js-api@git+ssh://git@github.com:touchlocal/js-api.git
10 silly cache add parsed spec { raw: 'js-api@git+ssh://git@github.com:touchlocal/js-api.git',
10 silly cache add   scope: null,
10 silly cache add   name: 'js-api',
10 silly cache add   rawSpec: 'git+ssh://git@github.com:touchlocal/js-api.git',
10 silly cache add   spec: 'ssh://git@github.com:touchlocal/js-api.git',
10 silly cache add   type: 'git' }
11 verbose addRemoteGit u="ssh://git@github.com:touchlocal/js-api.git" silent=false
12 silly addRemoteGit parsed { protocol: 'ssh:',
12 silly addRemoteGit   slashes: true,
12 silly addRemoteGit   auth: 'git',
12 silly addRemoteGit   host: 'github.com',
12 silly addRemoteGit   port: null,
12 silly addRemoteGit   hostname: 'github.com',
12 silly addRemoteGit   hash: null,
12 silly addRemoteGit   search: '',
12 silly addRemoteGit   query: {},
12 silly addRemoteGit   pathname: '/:touchlocal/js-api.git',
12 silly addRemoteGit   path: '/:touchlocal/js-api.git',
12 silly addRemoteGit   href: 'ssh://git@github.com/:touchlocal/js-api.git' }
13 verbose addRemoteGit git@github.com:touchlocal/js-api.git not in flight; cloning
14 verbose addRemoteGit [ 'git@github.com:touchlocal/js-api.git', 'master' ]
15 info git [ 'config', '--get', 'remote.origin.url' ]
16 verbose git remote.origin.url git@github.com:touchlocal/js-api.git
17 info git [ 'fetch', '-a', 'origin' ]
18 error git fetch -a origin (git@github.com:touchlocal/js-api.git) Permission denied (publickey).
18 error git fetch -a origin (git@github.com:touchlocal/js-api.git) fatal: Could not read from remote repository.
18 error git fetch -a origin (git@github.com:touchlocal/js-api.git)
18 error git fetch -a origin (git@github.com:touchlocal/js-api.git) Please make sure you have the correct access rights
18 error git fetch -a origin (git@github.com:touchlocal/js-api.git) and the repository exists.
19 verbose stack Error: Command failed: Permission denied (publickey).
19 verbose stack fatal: Could not read from remote repository.
19 verbose stack
19 verbose stack Please make sure you have the correct access rights
19 verbose stack and the repository exists.
19 verbose stack
19 verbose stack     at ChildProcess.exithandler (child_process.js:647:15)
19 verbose stack     at ChildProcess.emit (events.js:98:17)
19 verbose stack     at maybeClose (child_process.js:755:16)
19 verbose stack     at Socket.<anonymous> (child_process.js:968:11)
19 verbose stack     at Socket.emit (events.js:95:17)
19 verbose stack     at Pipe.close (net.js:465:12)
20 verbose cwd /Users/mattcollins/projects/automation
21 error Darwin 13.4.0
22 error argv "node" "/usr/local/bin/npm" "install"
23 error node v0.10.29
24 error npm  v2.1.3
25 error code 128
26 error Command failed: Permission denied (publickey).
26 error fatal: Could not read from remote repository.
26 error
26 error Please make sure you have the correct access rights
26 error and the repository exists.
27 error If you need help, you may report this error at:
27 error     <http://github.com/npm/npm/issues>
28 verbose exit [ 1, true ]
